<?xml version="1.0" encoding="UTF-8"?>
<!-- Generated by org.testng.reporters.JUnitXMLReporter -->
<testsuite hostname="LAPTOP-QB66H2N4" ignored="0" name="Test" tests="1" failures="1" timestamp="2020-07-29T17:38:58 IST" time="23.46" errors="0">
  <testcase name="loginTest" time="4.106" classname="com.initbanking.testcases.LoginTest">
    <failure type="java.lang.AssertionError" message="expected [true] but found [false]">
      <![CDATA[java.lang.AssertionError: expected [true] but found [false]
at com.initbanking.testcases.LoginTest.loginTest(LoginTest.java:35)
at java.util.ArrayList.forEach(Unknown Source)
... Removed 31 stack frames]]>
    </failure>
  </testcase> <!-- loginTest -->
</testsuite> <!-- Test -->
